wandb: Currently logged in as: kendragivens. Use `wandb login --relogin` to force relogin
wandb: wandb version 0.13.6 is available!  To upgrade, please run:
wandb:  $ pip install wandb --upgrade
wandb: Tracking run with wandb version 0.13.4
wandb: Run data is saved locally in /home/klg6z/work/work/TransformerXL/STR_XL/Training/wandb/run-20221209_111215-no2iotij
wandb: Run `wandb offline` to turn off syncing.
wandb: Syncing run ancient-silence-77
wandb: ⭐️ View project at https://wandb.ai/kendragivens/Str
wandb: 🚀 View run at https://wandb.ai/kendragivens/Str/runs/no2iotij
wandb: Downloading large artifact nachusa-dna:latest, 4079.09MB. 420 files... 
wandb:   420 of 420 files downloaded.  
Done. 0:0:0.1
wandb:   5 of 5 files downloaded.  
0
Using GPU Strategy. Selected GPUs: [0]
Sample './artifacts/nachusa-dna:v0/Wes24-PCRblank2_S25_L001_R1_001.db' does not contain enough sequences. This sample will be ignored.
Sample './artifacts/nachusa-dna:v0/Wes7-PCRblank1_S8_L001_R1_001.db' does not contain enough sequences. This sample will be ignored.
Sample './artifacts/nachusa-dna:v0/Wesley056-NegCtrl_S195_L001_R1_001.db' does not contain enough sequences. This sample will be ignored.
Sample './artifacts/nachusa-dna:v0/Wesley049-SB-100420_S188_L001_R1_001.db' does not contain enough sequences. This sample will be ignored.
Sample './artifacts/nachusa-dna:v0/Wes24-PCRblank2_S25_L001_R1_001.db' does not contain enough sequences. This sample will be ignored.
Sample './artifacts/nachusa-dna:v0/Wes7-PCRblank1_S8_L001_R1_001.db' does not contain enough sequences. This sample will be ignored.
Sample './artifacts/nachusa-dna:v0/Wes44-PCRblank3_S45_L001_R1_001.db' does not contain enough sequences. This sample will be ignored.
Traceback (most recent call last):
  File "/home/klg6z/work/work/TransformerXL/STR_XL/Training/Str_Training.py", line 115, in <module>
    sys.exit(tfu.scripting.boot(main, sys.argv))
  File "/home/klg6z/.local/lib/python3.10/site-packages/tf_utilities/scripting.py", line 104, in boot
    return job(*args, **kwargs) or 0
  File "/home/klg6z/work/work/TransformerXL/STR_XL/Training/Str_Training.py", line 110, in main
    train(config)
  File "/home/klg6z/work/work/TransformerXL/STR_XL/Training/Str_Training.py", line 98, in train
    tfu.scripting.run_safely(model.fit, x=train_dataset, validation_data=val_dataset, epochs=config.epochs, initial_epoch=inital_epoch, verbose=1, callbacks = [wandb.keras.WandbCallback(save_model=False)])
NameError: name 'inital_epoch' is not defined
wandb: Waiting for W&B process to finish... (failed 1). Press Control-C to abort syncing.
wandb: Synced ancient-silence-77: https://wandb.ai/kendragivens/Str/runs/no2iotij
wandb: Synced 5 W&B file(s), 0 media file(s), 0 artifact file(s) and 0 other file(s)
wandb: Find logs at: ./wandb/run-20221209_111215-no2iotij/logs
